"2022-07-26 09:34:42 [restartedMain] INFO  c.c.c.CalculateNetworthApplication - Starting CalculateNetworthApplication using Java 17.0.3 on LAPTOP-CTSI8KJ7 with PID 128412 (C:\Portfolio management\Portfolio project\CalculateNetworth\target\classes started by Vaishnavi in C:\Portfolio management\Portfolio project\CalculateNetworth)
""2022-07-26 09:34:42 [restartedMain] INFO  c.c.c.CalculateNetworthApplication - No active profile set, falling back to 1 default profile: "default"
""2022-07-26 09:34:42 [restartedMain] INFO  o.s.b.d.e.DevToolsPropertyDefaultsPostProcessor - Devtools property defaults active! Set 'spring.devtools.add-properties' to 'false' to disable
""2022-07-26 09:34:42 [restartedMain] INFO  o.s.b.d.e.DevToolsPropertyDefaultsPostProcessor - For additional web related logging consider setting the 'logging.level.web' property to 'DEBUG'
""2022-07-26 09:34:43 [restartedMain] INFO  o.s.d.r.c.RepositoryConfigurationDelegate - Bootstrapping Spring Data JPA repositories in DEFAULT mode.
""2022-07-26 09:34:43 [restartedMain] INFO  o.s.d.r.c.RepositoryConfigurationDelegate - Finished Spring Data repository scanning in 47 ms. Found 3 JPA repository interfaces.
""2022-07-26 09:34:43 [restartedMain] INFO  o.s.cloud.context.scope.GenericScope - BeanFactory id=0c29e67a-5732-3520-a773-7d7e23dd7121
""2022-07-26 09:34:44 [restartedMain] INFO  o.s.b.w.e.tomcat.TomcatWebServer - Tomcat initialized with port(s): 8096 (http)
""2022-07-26 09:34:44 [restartedMain] INFO  o.a.catalina.core.StandardService - Starting service [Tomcat]
""2022-07-26 09:34:44 [restartedMain] INFO  o.a.catalina.core.StandardEngine - Starting Servlet engine: [Apache Tomcat/9.0.58]
""2022-07-26 09:34:44 [restartedMain] INFO  o.a.c.c.C.[Tomcat].[localhost].[/] - Initializing Spring embedded WebApplicationContext
""2022-07-26 09:34:44 [restartedMain] INFO  o.s.b.w.s.c.ServletWebServerApplicationContext - Root WebApplicationContext: initialization completed in 2696 ms
""2022-07-26 09:34:45 [restartedMain] INFO  com.zaxxer.hikari.HikariDataSource - HikariPool-1 - Starting...
""2022-07-26 09:34:45 [restartedMain] INFO  com.zaxxer.hikari.HikariDataSource - HikariPool-1 - Start completed.
""2022-07-26 09:34:45 [restartedMain] INFO  o.s.b.a.h.H2ConsoleAutoConfiguration - H2 console available at '/h2-console'. Database available at 'jdbc:h2:mem:pms'
""2022-07-26 09:34:45 [restartedMain] INFO  o.h.jpa.internal.util.LogHelper - HHH000204: Processing PersistenceUnitInfo [name: default]
""2022-07-26 09:34:45 [restartedMain] INFO  org.hibernate.Version - HHH000412: Hibernate ORM core version 5.6.5.Final
""2022-07-26 09:34:45 [restartedMain] INFO  o.h.annotations.common.Version - HCANN000001: Hibernate Commons Annotations {5.1.2.Final}
""2022-07-26 09:34:45 [restartedMain] INFO  org.hibernate.dialect.Dialect - HHH000400: Using dialect: org.hibernate.dialect.H2Dialect
""2022-07-26 09:34:46 [restartedMain] INFO  o.h.e.t.j.p.i.JtaPlatformInitiator - HHH000490: Using JtaPlatform implementation: [org.hibernate.engine.transaction.jta.platform.internal.NoJtaPlatform]
""2022-07-26 09:34:46 [restartedMain] INFO  o.s.o.j.LocalContainerEntityManagerFactoryBean - Initialized JPA EntityManagerFactory for persistence unit 'default'
""2022-07-26 09:34:46 [restartedMain] WARN  o.s.b.a.o.j.JpaBaseConfiguration$JpaWebConfiguration - spring.jpa.open-in-view is enabled by default. Therefore, database queries may be performed during view rendering. Explicitly configure spring.jpa.open-in-view to disable this warning
""2022-07-26 09:34:46 [restartedMain] WARN  o.s.b.d.a.OptionalLiveReloadServer - Unable to start LiveReload server
""2022-07-26 09:34:47 [restartedMain] INFO  o.s.b.w.e.tomcat.TomcatWebServer - Tomcat started on port(s): 8096 (http) with context path ''
""2022-07-26 09:34:47 [restartedMain] INFO  c.c.c.CalculateNetworthApplication - Started CalculateNetworthApplication in 6.175 seconds (JVM running for 7.34)
""2022-07-26 09:44:06 [Thread-1] INFO  o.s.o.j.LocalContainerEntityManagerFactoryBean - Closing JPA EntityManagerFactory for persistence unit 'default'
""2022-07-26 09:44:06 [Thread-1] WARN  o.s.b.f.s.DisposableBeanAdapter - Invocation of destroy method failed on bean with name 'inMemoryDatabaseShutdownExecutor': org.h2.jdbc.JdbcSQLNonTransientConnectionException: Database is already closed (to disable automatic closing at VM shutdown, add ";DB_CLOSE_ON_EXIT=FALSE" to the db URL) [90121-200]
""2022-07-26 09:44:06 [Thread-1] INFO  com.zaxxer.hikari.HikariDataSource - HikariPool-1 - Shutdown initiated...
""2022-07-26 09:44:06 [Thread-1] INFO  com.zaxxer.hikari.HikariDataSource - HikariPool-1 - Shutdown completed.
""2022-07-26 09:44:08 [restartedMain] INFO  c.c.c.CalculateNetworthApplication - Starting CalculateNetworthApplication using Java 17.0.3 on LAPTOP-CTSI8KJ7 with PID 128412 (C:\Portfolio management\Portfolio project\CalculateNetworth\target\classes started by Vaishnavi in C:\Portfolio management\Portfolio project\CalculateNetworth)
""2022-07-26 09:44:08 [restartedMain] INFO  c.c.c.CalculateNetworthApplication - No active profile set, falling back to 1 default profile: "default"
""2022-07-26 09:44:09 [restartedMain] INFO  o.s.d.r.c.RepositoryConfigurationDelegate - Bootstrapping Spring Data JPA repositories in DEFAULT mode.
""2022-07-26 09:44:09 [restartedMain] INFO  o.s.d.r.c.RepositoryConfigurationDelegate - Finished Spring Data repository scanning in 32 ms. Found 3 JPA repository interfaces.
""2022-07-26 09:44:09 [restartedMain] INFO  o.s.cloud.context.scope.GenericScope - BeanFactory id=0c29e67a-5732-3520-a773-7d7e23dd7121
""2022-07-26 09:44:09 [restartedMain] INFO  o.s.b.w.e.tomcat.TomcatWebServer - Tomcat initialized with port(s): 8096 (http)
""2022-07-26 09:44:09 [restartedMain] INFO  o.a.catalina.core.StandardService - Starting service [Tomcat]
""2022-07-26 09:44:09 [restartedMain] INFO  o.a.catalina.core.StandardEngine - Starting Servlet engine: [Apache Tomcat/9.0.58]
""2022-07-26 09:44:09 [restartedMain] INFO  o.a.c.c.C.[Tomcat].[localhost].[/] - Initializing Spring embedded WebApplicationContext
""2022-07-26 09:44:09 [restartedMain] INFO  o.s.b.w.s.c.ServletWebServerApplicationContext - Root WebApplicationContext: initialization completed in 1702 ms
""2022-07-26 09:44:09 [restartedMain] INFO  com.zaxxer.hikari.HikariDataSource - HikariPool-2 - Starting...
""2022-07-26 09:44:09 [restartedMain] INFO  com.zaxxer.hikari.HikariDataSource - HikariPool-2 - Start completed.
""2022-07-26 09:44:09 [restartedMain] INFO  o.s.b.a.h.H2ConsoleAutoConfiguration - H2 console available at '/h2-console'. Database available at 'jdbc:h2:mem:pms'
""2022-07-26 09:44:10 [restartedMain] INFO  o.h.jpa.internal.util.LogHelper - HHH000204: Processing PersistenceUnitInfo [name: default]
""2022-07-26 09:44:10 [restartedMain] INFO  org.hibernate.dialect.Dialect - HHH000400: Using dialect: org.hibernate.dialect.H2Dialect
""2022-07-26 09:44:10 [restartedMain] INFO  o.h.e.t.j.p.i.JtaPlatformInitiator - HHH000490: Using JtaPlatform implementation: [org.hibernate.engine.transaction.jta.platform.internal.NoJtaPlatform]
""2022-07-26 09:44:10 [restartedMain] INFO  o.s.o.j.LocalContainerEntityManagerFactoryBean - Initialized JPA EntityManagerFactory for persistence unit 'default'
""2022-07-26 09:44:10 [restartedMain] WARN  o.s.b.a.o.j.JpaBaseConfiguration$JpaWebConfiguration - spring.jpa.open-in-view is enabled by default. Therefore, database queries may be performed during view rendering. Explicitly configure spring.jpa.open-in-view to disable this warning
""2022-07-26 09:44:10 [restartedMain] WARN  o.s.b.d.a.OptionalLiveReloadServer - Unable to start LiveReload server
""2022-07-26 09:44:11 [restartedMain] INFO  o.s.b.w.e.tomcat.TomcatWebServer - Tomcat started on port(s): 8096 (http) with context path ''
""2022-07-26 09:44:11 [restartedMain] INFO  c.c.c.CalculateNetworthApplication - Started CalculateNetworthApplication in 3.78 seconds (JVM running for 571.012)
""2022-07-26 09:44:11 [restartedMain] INFO  o.s.b.d.a.ConditionEvaluationDeltaLoggingListener - Condition evaluation unchanged
""2022-07-26 09:44:50 [Thread-8] INFO  o.s.o.j.LocalContainerEntityManagerFactoryBean - Closing JPA EntityManagerFactory for persistence unit 'default'
""2022-07-26 09:44:51 [Thread-8] WARN  o.s.b.f.s.DisposableBeanAdapter - Invocation of destroy method failed on bean with name 'inMemoryDatabaseShutdownExecutor': org.h2.jdbc.JdbcSQLNonTransientConnectionException: Database is already closed (to disable automatic closing at VM shutdown, add ";DB_CLOSE_ON_EXIT=FALSE" to the db URL) [90121-200]
""2022-07-26 09:44:51 [Thread-8] INFO  com.zaxxer.hikari.HikariDataSource - HikariPool-2 - Shutdown initiated...
""2022-07-26 09:44:51 [Thread-8] INFO  com.zaxxer.hikari.HikariDataSource - HikariPool-2 - Shutdown completed.
""2022-07-26 09:44:51 [restartedMain] INFO  c.c.c.CalculateNetworthApplication - Starting CalculateNetworthApplication using Java 17.0.3 on LAPTOP-CTSI8KJ7 with PID 128412 (C:\Portfolio management\Portfolio project\CalculateNetworth\target\classes started by Vaishnavi in C:\Portfolio management\Portfolio project\CalculateNetworth)
""2022-07-26 09:44:51 [restartedMain] INFO  c.c.c.CalculateNetworthApplication - No active profile set, falling back to 1 default profile: "default"
""2022-07-26 09:44:51 [restartedMain] INFO  o.s.d.r.c.RepositoryConfigurationDelegate - Bootstrapping Spring Data JPA repositories in DEFAULT mode.
""2022-07-26 09:44:51 [restartedMain] INFO  o.s.d.r.c.RepositoryConfigurationDelegate - Finished Spring Data repository scanning in 15 ms. Found 3 JPA repository interfaces.
""2022-07-26 09:44:51 [restartedMain] INFO  o.s.cloud.context.scope.GenericScope - BeanFactory id=0c29e67a-5732-3520-a773-7d7e23dd7121
""2022-07-26 09:44:51 [restartedMain] INFO  o.s.b.w.e.tomcat.TomcatWebServer - Tomcat initialized with port(s): 8096 (http)
""2022-07-26 09:44:51 [restartedMain] INFO  o.a.catalina.core.StandardService - Starting service [Tomcat]
""2022-07-26 09:44:51 [restartedMain] INFO  o.a.catalina.core.StandardEngine - Starting Servlet engine: [Apache Tomcat/9.0.58]
""2022-07-26 09:44:52 [restartedMain] INFO  o.a.c.c.C.[Tomcat].[localhost].[/] - Initializing Spring embedded WebApplicationContext
""2022-07-26 09:44:52 [restartedMain] INFO  o.s.b.w.s.c.ServletWebServerApplicationContext - Root WebApplicationContext: initialization completed in 717 ms
""2022-07-26 09:44:52 [restartedMain] INFO  com.zaxxer.hikari.HikariDataSource - HikariPool-3 - Starting...
""2022-07-26 09:44:52 [restartedMain] INFO  com.zaxxer.hikari.HikariDataSource - HikariPool-3 - Start completed.
""2022-07-26 09:44:52 [restartedMain] INFO  o.s.b.a.h.H2ConsoleAutoConfiguration - H2 console available at '/h2-console'. Database available at 'jdbc:h2:mem:pms'
""2022-07-26 09:44:52 [restartedMain] INFO  o.h.jpa.internal.util.LogHelper - HHH000204: Processing PersistenceUnitInfo [name: default]
""2022-07-26 09:44:52 [restartedMain] INFO  org.hibernate.dialect.Dialect - HHH000400: Using dialect: org.hibernate.dialect.H2Dialect
""2022-07-26 09:44:52 [restartedMain] INFO  o.h.e.t.j.p.i.JtaPlatformInitiator - HHH000490: Using JtaPlatform implementation: [org.hibernate.engine.transaction.jta.platform.internal.NoJtaPlatform]
""2022-07-26 09:44:52 [restartedMain] INFO  o.s.o.j.LocalContainerEntityManagerFactoryBean - Initialized JPA EntityManagerFactory for persistence unit 'default'
""2022-07-26 09:44:52 [restartedMain] WARN  o.s.b.a.o.j.JpaBaseConfiguration$JpaWebConfiguration - spring.jpa.open-in-view is enabled by default. Therefore, database queries may be performed during view rendering. Explicitly configure spring.jpa.open-in-view to disable this warning
""2022-07-26 09:44:52 [restartedMain] WARN  o.s.b.d.a.OptionalLiveReloadServer - Unable to start LiveReload server
""2022-07-26 09:44:52 [restartedMain] INFO  o.s.b.w.e.tomcat.TomcatWebServer - Tomcat started on port(s): 8096 (http) with context path ''
""2022-07-26 09:44:52 [restartedMain] INFO  c.c.c.CalculateNetworthApplication - Started CalculateNetworthApplication in 1.769 seconds (JVM running for 612.452)
""2022-07-26 09:44:52 [restartedMain] INFO  o.s.b.d.a.ConditionEvaluationDeltaLoggingListener - Condition evaluation unchanged
""2022-07-26 11:01:12 [RMI TCP Connection(102)-127.0.0.1] INFO  o.s.b.a.SpringApplicationAdminMXBeanRegistrar$SpringApplicationAdmin - Application shutdown requested.
""2022-07-26 11:01:12 [RMI TCP Connection(102)-127.0.0.1] INFO  o.s.o.j.LocalContainerEntityManagerFactoryBean - Closing JPA EntityManagerFactory for persistence unit 'default'
""2022-07-26 11:01:13 [RMI TCP Connection(102)-127.0.0.1] WARN  o.s.b.f.s.DisposableBeanAdapter - Invocation of destroy method failed on bean with name 'inMemoryDatabaseShutdownExecutor': org.h2.jdbc.JdbcSQLNonTransientConnectionException: Database is already closed (to disable automatic closing at VM shutdown, add ";DB_CLOSE_ON_EXIT=FALSE" to the db URL) [90121-200]
""2022-07-26 11:01:13 [RMI TCP Connection(102)-127.0.0.1] INFO  com.zaxxer.hikari.HikariDataSource - HikariPool-3 - Shutdown initiated...
""2022-07-26 11:01:13 [RMI TCP Connection(102)-127.0.0.1] INFO  com.zaxxer.hikari.HikariDataSource - HikariPool-3 - Shutdown completed.
""2022-07-26 11:16:44 [restartedMain] INFO  c.c.c.CalculateNetworthApplication - Starting CalculateNetworthApplication using Java 15.0.2 on LAPTOP-CTSI8KJ7 with PID 131912 (C:\Portfolio management\Portfolio project\CalculateNetworth\target\classes started by Vaishnavi in C:\Portfolio management\Portfolio project\CalculateNetworth)
""2022-07-26 11:16:44 [restartedMain] INFO  c.c.c.CalculateNetworthApplication - No active profile set, falling back to 1 default profile: "default"
""2022-07-26 11:16:44 [restartedMain] INFO  o.s.b.d.e.DevToolsPropertyDefaultsPostProcessor - Devtools property defaults active! Set 'spring.devtools.add-properties' to 'false' to disable
""2022-07-26 11:16:44 [restartedMain] INFO  o.s.b.d.e.DevToolsPropertyDefaultsPostProcessor - For additional web related logging consider setting the 'logging.level.web' property to 'DEBUG'
""2022-07-26 11:16:45 [restartedMain] INFO  o.s.d.r.c.RepositoryConfigurationDelegate - Bootstrapping Spring Data JPA repositories in DEFAULT mode.
""2022-07-26 11:16:45 [restartedMain] INFO  o.s.d.r.c.RepositoryConfigurationDelegate - Finished Spring Data repository scanning in 38 ms. Found 3 JPA repository interfaces.
""2022-07-26 11:16:45 [restartedMain] INFO  o.s.cloud.context.scope.GenericScope - BeanFactory id=0c29e67a-5732-3520-a773-7d7e23dd7121
""2022-07-26 11:16:46 [restartedMain] INFO  o.s.b.w.e.tomcat.TomcatWebServer - Tomcat initialized with port(s): 8096 (http)
""2022-07-26 11:16:46 [restartedMain] INFO  o.a.catalina.core.StandardService - Starting service [Tomcat]
""2022-07-26 11:16:46 [restartedMain] INFO  o.a.catalina.core.StandardEngine - Starting Servlet engine: [Apache Tomcat/9.0.58]
""2022-07-26 11:16:46 [restartedMain] INFO  o.a.c.c.C.[Tomcat].[localhost].[/] - Initializing Spring embedded WebApplicationContext
""2022-07-26 11:16:46 [restartedMain] INFO  o.s.b.w.s.c.ServletWebServerApplicationContext - Root WebApplicationContext: initialization completed in 1689 ms
""2022-07-26 11:16:46 [restartedMain] INFO  com.zaxxer.hikari.HikariDataSource - HikariPool-1 - Starting...
""2022-07-26 11:16:46 [restartedMain] INFO  com.zaxxer.hikari.HikariDataSource - HikariPool-1 - Start completed.
""2022-07-26 11:16:46 [restartedMain] INFO  o.s.b.a.h.H2ConsoleAutoConfiguration - H2 console available at '/h2-console'. Database available at 'jdbc:h2:mem:pms'
""2022-07-26 11:16:46 [restartedMain] INFO  o.h.jpa.internal.util.LogHelper - HHH000204: Processing PersistenceUnitInfo [name: default]
""2022-07-26 11:16:46 [restartedMain] INFO  org.hibernate.Version - HHH000412: Hibernate ORM core version 5.6.5.Final
""2022-07-26 11:16:46 [restartedMain] INFO  o.h.annotations.common.Version - HCANN000001: Hibernate Commons Annotations {5.1.2.Final}
""2022-07-26 11:16:46 [restartedMain] INFO  org.hibernate.dialect.Dialect - HHH000400: Using dialect: org.hibernate.dialect.H2Dialect
""2022-07-26 11:16:47 [restartedMain] INFO  o.h.e.t.j.p.i.JtaPlatformInitiator - HHH000490: Using JtaPlatform implementation: [org.hibernate.engine.transaction.jta.platform.internal.NoJtaPlatform]
""2022-07-26 11:16:47 [restartedMain] INFO  o.s.o.j.LocalContainerEntityManagerFactoryBean - Initialized JPA EntityManagerFactory for persistence unit 'default'
""2022-07-26 11:16:47 [restartedMain] WARN  o.s.b.a.o.j.JpaBaseConfiguration$JpaWebConfiguration - spring.jpa.open-in-view is enabled by default. Therefore, database queries may be performed during view rendering. Explicitly configure spring.jpa.open-in-view to disable this warning
""2022-07-26 11:16:47 [restartedMain] WARN  o.s.b.d.a.OptionalLiveReloadServer - Unable to start LiveReload server
""2022-07-26 11:16:48 [restartedMain] INFO  o.s.b.w.e.tomcat.TomcatWebServer - Tomcat started on port(s): 8096 (http) with context path ''
""2022-07-26 11:16:48 [restartedMain] INFO  c.c.c.CalculateNetworthApplication - Started CalculateNetworthApplication in 4.729 seconds (JVM running for 5.705)
""2022-07-26 11:22:26 [RMI TCP Connection(2)-127.0.0.1] INFO  o.s.b.a.SpringApplicationAdminMXBeanRegistrar$SpringApplicationAdmin - Application shutdown requested.
""2022-07-26 11:22:26 [RMI TCP Connection(2)-127.0.0.1] INFO  o.s.o.j.LocalContainerEntityManagerFactoryBean - Closing JPA EntityManagerFactory for persistence unit 'default'
""2022-07-26 11:22:26 [RMI TCP Connection(2)-127.0.0.1] WARN  o.s.b.f.s.DisposableBeanAdapter - Invocation of destroy method failed on bean with name 'inMemoryDatabaseShutdownExecutor': org.h2.jdbc.JdbcSQLNonTransientConnectionException: Database is already closed (to disable automatic closing at VM shutdown, add ";DB_CLOSE_ON_EXIT=FALSE" to the db URL) [90121-200]
""2022-07-26 11:22:26 [RMI TCP Connection(2)-127.0.0.1] INFO  com.zaxxer.hikari.HikariDataSource - HikariPool-1 - Shutdown initiated...
""2022-07-26 11:22:26 [RMI TCP Connection(2)-127.0.0.1] INFO  com.zaxxer.hikari.HikariDataSource - HikariPool-1 - Shutdown completed.
""2022-07-26 12:41:05 [restartedMain] INFO  c.c.c.CalculateNetworthApplication - Starting CalculateNetworthApplication using Java 15.0.2 on LAPTOP-CTSI8KJ7 with PID 106292 (C:\Portfolio management\Portfolio project\CalculateNetworth\target\classes started by Vaishnavi in C:\Portfolio management\Portfolio project\CalculateNetworth)
""2022-07-26 12:41:05 [restartedMain] INFO  c.c.c.CalculateNetworthApplication - No active profile set, falling back to 1 default profile: "default"
""2022-07-26 12:41:05 [restartedMain] INFO  o.s.b.d.e.DevToolsPropertyDefaultsPostProcessor - Devtools property defaults active! Set 'spring.devtools.add-properties' to 'false' to disable
""2022-07-26 12:41:05 [restartedMain] INFO  o.s.b.d.e.DevToolsPropertyDefaultsPostProcessor - For additional web related logging consider setting the 'logging.level.web' property to 'DEBUG'
""2022-07-26 12:41:06 [restartedMain] INFO  o.s.d.r.c.RepositoryConfigurationDelegate - Bootstrapping Spring Data JPA repositories in DEFAULT mode.
""2022-07-26 12:41:06 [restartedMain] INFO  o.s.d.r.c.RepositoryConfigurationDelegate - Finished Spring Data repository scanning in 60 ms. Found 3 JPA repository interfaces.
""2022-07-26 12:41:07 [restartedMain] INFO  o.s.cloud.context.scope.GenericScope - BeanFactory id=0c29e67a-5732-3520-a773-7d7e23dd7121
""2022-07-26 12:41:07 [restartedMain] INFO  o.s.b.w.e.tomcat.TomcatWebServer - Tomcat initialized with port(s): 8096 (http)
""2022-07-26 12:41:07 [restartedMain] INFO  o.a.catalina.core.StandardService - Starting service [Tomcat]
""2022-07-26 12:41:07 [restartedMain] INFO  o.a.catalina.core.StandardEngine - Starting Servlet engine: [Apache Tomcat/9.0.58]
""2022-07-26 12:41:07 [restartedMain] INFO  o.a.c.c.C.[Tomcat].[localhost].[/] - Initializing Spring embedded WebApplicationContext
""2022-07-26 12:41:07 [restartedMain] INFO  o.s.b.w.s.c.ServletWebServerApplicationContext - Root WebApplicationContext: initialization completed in 2266 ms
""2022-07-26 12:41:08 [restartedMain] INFO  com.zaxxer.hikari.HikariDataSource - HikariPool-1 - Starting...
""2022-07-26 12:41:08 [restartedMain] INFO  com.zaxxer.hikari.HikariDataSource - HikariPool-1 - Start completed.
""2022-07-26 12:41:08 [restartedMain] INFO  o.s.b.a.h.H2ConsoleAutoConfiguration - H2 console available at '/h2-console'. Database available at 'jdbc:h2:mem:pms'
""2022-07-26 12:41:08 [restartedMain] INFO  o.h.jpa.internal.util.LogHelper - HHH000204: Processing PersistenceUnitInfo [name: default]
""2022-07-26 12:41:08 [restartedMain] INFO  org.hibernate.Version - HHH000412: Hibernate ORM core version 5.6.5.Final
""2022-07-26 12:41:08 [restartedMain] INFO  o.h.annotations.common.Version - HCANN000001: Hibernate Commons Annotations {5.1.2.Final}
""2022-07-26 12:41:08 [restartedMain] INFO  org.hibernate.dialect.Dialect - HHH000400: Using dialect: org.hibernate.dialect.H2Dialect
""2022-07-26 12:41:09 [restartedMain] INFO  o.h.e.t.j.p.i.JtaPlatformInitiator - HHH000490: Using JtaPlatform implementation: [org.hibernate.engine.transaction.jta.platform.internal.NoJtaPlatform]
""2022-07-26 12:41:09 [restartedMain] INFO  o.s.o.j.LocalContainerEntityManagerFactoryBean - Initialized JPA EntityManagerFactory for persistence unit 'default'
""2022-07-26 12:41:10 [restartedMain] WARN  o.s.b.a.o.j.JpaBaseConfiguration$JpaWebConfiguration - spring.jpa.open-in-view is enabled by default. Therefore, database queries may be performed during view rendering. Explicitly configure spring.jpa.open-in-view to disable this warning
""2022-07-26 12:41:10 [restartedMain] WARN  o.s.b.d.a.OptionalLiveReloadServer - Unable to start LiveReload server
""2022-07-26 12:41:11 [restartedMain] INFO  o.s.b.w.e.tomcat.TomcatWebServer - Tomcat started on port(s): 8096 (http) with context path ''
""2022-07-26 12:41:11 [restartedMain] INFO  c.c.c.CalculateNetworthApplication - Started CalculateNetworthApplication in 6.196 seconds (JVM running for 7.133)
""2022-07-26 12:45:46 [RMI TCP Connection(2)-127.0.0.1] INFO  o.s.b.a.SpringApplicationAdminMXBeanRegistrar$SpringApplicationAdmin - Application shutdown requested.
""2022-07-26 12:45:46 [RMI TCP Connection(2)-127.0.0.1] INFO  o.s.o.j.LocalContainerEntityManagerFactoryBean - Closing JPA EntityManagerFactory for persistence unit 'default'
""2022-07-26 12:45:47 [RMI TCP Connection(2)-127.0.0.1] WARN  o.s.b.f.s.DisposableBeanAdapter - Invocation of destroy method failed on bean with name 'inMemoryDatabaseShutdownExecutor': org.h2.jdbc.JdbcSQLNonTransientConnectionException: Database is already closed (to disable automatic closing at VM shutdown, add ";DB_CLOSE_ON_EXIT=FALSE" to the db URL) [90121-200]
""2022-07-26 12:45:47 [RMI TCP Connection(2)-127.0.0.1] INFO  com.zaxxer.hikari.HikariDataSource - HikariPool-1 - Shutdown initiated...
""2022-07-26 12:45:47 [RMI TCP Connection(2)-127.0.0.1] INFO  com.zaxxer.hikari.HikariDataSource - HikariPool-1 - Shutdown completed.
"